This is pdfTeX, Version 3.14159265-2.6-1.40.18 (TeX Live 2017/Arch Linux) (preloaded format=pdflatex 2017.11.14)  20 NOV 2017 21:00
entering extended mode
 restricted \write18 enabled.
 %&-line parsing enabled.
**report.tex
(./report.tex
LaTeX2e <2017-04-15>
Babel <3.15> and hyphenation patterns for 84 language(s) loaded.
(/usr/share/texmf-dist/tex/latex/base/report.cls
Document Class: report 2014/09/29 v1.4h Standard LaTeX document class
(/usr/share/texmf-dist/tex/latex/base/size10.clo
File: size10.clo 2014/09/29 v1.4h Standard LaTeX file (size option)
)
\c@part=\count79
\c@chapter=\count80
\c@section=\count81
\c@subsection=\count82
\c@subsubsection=\count83
\c@paragraph=\count84
\c@subparagraph=\count85
\c@figure=\count86
\c@table=\count87
\abovecaptionskip=\skip41
\belowcaptionskip=\skip42
\bibindent=\dimen102
)
(/usr/share/texmf-dist/tex/latex/amsmath/amsmath.sty
Package: amsmath 2017/09/02 v2.17a AMS math features
\@mathmargin=\skip43

For additional information on amsmath, use the `?' option.
(/usr/share/texmf-dist/tex/latex/amsmath/amstext.sty
Package: amstext 2000/06/29 v2.01 AMS text

(/usr/share/texmf-dist/tex/latex/amsmath/amsgen.sty
File: amsgen.sty 1999/11/30 v2.0 generic functions
\@emptytoks=\toks14
\ex@=\dimen103
))
(/usr/share/texmf-dist/tex/latex/amsmath/amsbsy.sty
Package: amsbsy 1999/11/29 v1.2d Bold Symbols
\pmbraise@=\dimen104
)
(/usr/share/texmf-dist/tex/latex/amsmath/amsopn.sty
Package: amsopn 2016/03/08 v2.02 operator names
)
\inf@bad=\count88
LaTeX Info: Redefining \frac on input line 213.
\uproot@=\count89
\leftroot@=\count90
LaTeX Info: Redefining \overline on input line 375.
\classnum@=\count91
\DOTSCASE@=\count92
LaTeX Info: Redefining \ldots on input line 472.
LaTeX Info: Redefining \dots on input line 475.
LaTeX Info: Redefining \cdots on input line 596.
\Mathstrutbox@=\box26
\strutbox@=\box27
\big@size=\dimen105
LaTeX Font Info:    Redeclaring font encoding OML on input line 712.
LaTeX Font Info:    Redeclaring font encoding OMS on input line 713.
\macc@depth=\count93
\c@MaxMatrixCols=\count94
\dotsspace@=\muskip10
\c@parentequation=\count95
\dspbrk@lvl=\count96
\tag@help=\toks15
\row@=\count97
\column@=\count98
\maxfields@=\count99
\andhelp@=\toks16
\eqnshift@=\dimen106
\alignsep@=\dimen107
\tagshift@=\dimen108
\tagwidth@=\dimen109
\totwidth@=\dimen110
\lineht@=\dimen111
\@envbody=\toks17
\multlinegap=\skip44
\multlinetaggap=\skip45
\mathdisplay@stack=\toks18
LaTeX Info: Redefining \[ on input line 2817.
LaTeX Info: Redefining \] on input line 2818.
)
(/usr/share/texmf-dist/tex/latex/tools/tabularx.sty
Package: tabularx 2016/02/03 v2.11 `tabularx' package (DPC)

(/usr/share/texmf-dist/tex/latex/tools/array.sty
Package: array 2016/10/06 v2.4d Tabular extension package (FMi)
\col@sep=\dimen112
\extrarowheight=\dimen113
\NC@list=\toks19
\extratabsurround=\skip46
\backup@length=\skip47
)
\TX@col@width=\dimen114
\TX@old@table=\dimen115
\TX@old@col=\dimen116
\TX@target=\dimen117
\TX@delta=\dimen118
\TX@cols=\count100
\TX@ftn=\toks20
) (./report.aux)
\openout1 = `report.aux'.

LaTeX Font Info:    Checking defaults for OML/cmm/m/it on input line 6.
LaTeX Font Info:    ... okay on input line 6.
LaTeX Font Info:    Checking defaults for T1/cmr/m/n on input line 6.
LaTeX Font Info:    ... okay on input line 6.
LaTeX Font Info:    Checking defaults for OT1/cmr/m/n on input line 6.
LaTeX Font Info:    ... okay on input line 6.
LaTeX Font Info:    Checking defaults for OMS/cmsy/m/n on input line 6.
LaTeX Font Info:    ... okay on input line 6.
LaTeX Font Info:    Checking defaults for OMX/cmex/m/n on input line 6.
LaTeX Font Info:    ... okay on input line 6.
LaTeX Font Info:    Checking defaults for U/cmr/m/n on input line 6.
LaTeX Font Info:    ... okay on input line 6.

Overfull \hbox (47.16414pt too wide) in paragraph at lines 10--10
 [][] 
 []

[1

{/var/lib/texmf/fonts/map/pdftex/updmap/pdftex.map}] (./report.toc [1

])
\tf@toc=\write3
\openout3 = `report.toc'.


[2] (./report.lof)
\tf@lof=\write4
\openout4 = `report.lof'.

 [3

] (./report.lot)
\tf@lot=\write5
\openout5 = `report.lot'.

 [4

] [1]
Chapter 1.
[1

]
Chapter 2.
[2

]
Chapter 3.
[3

]
Chapter 4.
[4

]
Chapter 5.

Overfull \hbox (538.52388pt too wide) in paragraph at lines 44--44
[][]\OT1/cmr/m/n/8 https://www.google.com/url?sa=t&rct=j&q=&esrc=s&source=web&c
d=1&ved=0ahUKEwiLjZT008LXAhXoqlQKHXgJB0YQFggoMAA&url=https%3A%2F%2Fwww.tensorfl
ow.org%2F&usg=AOvVaw0TGZBeXHx2CVPI2FiDZclR| 
 []

[5

]
Overfull \hbox (99.884pt too wide) detected at line 50
[] \OT1/cmr/m/n/10 = [] + []
 []


LaTeX Warning: Citation `http://pricelesspetrescue.org/' on page 6 undefined on
 input line 57.


Overfull \hbox (2.59763pt too wide) in paragraph at lines 57--58
[]\OT1/cmr/m/n/10 There is an an-i-mal shel-ter near Har-vey Mudd Col-lege, Pri
ce-less Pet Rescue[[]].
 []

[6]
Underfull \hbox (badness 10000) in paragraph at lines 73--73
[][]\OT1/cmr/m/n/8 https://www.freebsd.org/cgi/man.cgi?query=ufraw&manpath=Free
BSD+Ports+7.0-
 []


Overfull \hbox (1.2227pt too wide) in paragraph at lines 100--101
[]\OT1/cmr/m/n/10 After im-age set gen-er-a-tion was com-pleted, the Ten-sor-fl
ow test pipeline scripts
 []


Overfull \hbox (54.44518pt too wide) in paragraph at lines 114--135
 [] 
 []

[7] [8]
Overfull \hbox (81.77846pt too wide) in paragraph at lines 150--167
 [] 
 []

[9]
Chapter 6.
[10

]
Chapter 7.
[11

] (./report.aux)

LaTeX Warning: There were undefined references.

 ) 
Here is how much of TeX's memory you used:
 981 strings out of 492985
 10925 string characters out of 6138637
 76278 words of memory out of 5000000
 4586 multiletter control sequences out of 15000+600000
 10235 words of font info for 37 fonts, out of 8000000 for 9000
 1141 hyphenation exceptions out of 8191
 27i,8n,20p,554b,219s stack positions out of 5000i,500n,10000p,200000b,80000s
 </usr/share/texmf-dist/fonts/pk/ljfour/public/cm/dpi600/cmr8.pk> </usr/share
/texmf-dist/fonts/pk/ljfour/public/cm/dpi600/cmr6.pk> </usr/share/texmf-dist/fo
nts/pk/ljfour/public/cm/dpi600/cmr7.pk> </home/kaveh/.texlive/texmf-var/fonts/p
k/ljfour/public/cm/cmbx12.600pk> </home/kaveh/.texlive/texmf-var/fonts/pk/ljfou
r/public/cm/cmbx12.720pk> </home/kaveh/.texlive/texmf-var/fonts/pk/ljfour/publi
c/cm/cmbx12.1037pk> </usr/share/texmf-dist/fonts/pk/ljfour/public/cm/dpi600/cmr
10.pk> </usr/share/texmf-dist/fonts/pk/ljfour/public/cm/dpi600/cmbx10.pk> </hom
e/kaveh/.texlive/texmf-var/fonts/pk/ljfour/public/cm/cmbx12.1244pk> </usr/share
/texmf-dist/fonts/pk/ljfour/public/cm/dpi600/cmr12.pk> </usr/share/texmf-dist/f
onts/pk/ljfour/public/cm/dpi600/cmr17.pk>
Output written on report.pdf (17 pages, 136759 bytes).
PDF statistics:
 492 PDF objects out of 1000 (max. 8388607)
 83 compressed objects within 1 object stream
 0 named destinations out of 1000 (max. 500000)
 1 words of extra memory for PDF output out of 10000 (max. 10000000)

